0 info it worked if it ends with ok
1 verbose cli [ '/Users/filipslatinac/.nvm/versions/node/v6.11.5/bin/node',
1 verbose cli   '/Users/filipslatinac/.nvm/versions/node/v6.11.5/bin/npm',
1 verbose cli   'run',
1 verbose cli   'bundle' ]
2 info using npm@3.10.10
3 info using node@v6.11.5
4 verbose run-script [ 'prebundle', 'bundle', 'postbundle' ]
5 info lifecycle rrweb@0.7.31~prebundle: rrweb@0.7.31
6 silly lifecycle rrweb@0.7.31~prebundle: no script for prebundle, continuing
7 info lifecycle rrweb@0.7.31~bundle: rrweb@0.7.31
8 verbose lifecycle rrweb@0.7.31~bundle: unsafe-perm in lifecycle true
9 verbose lifecycle rrweb@0.7.31~bundle: PATH: /Users/filipslatinac/.nvm/versions/node/v6.11.5/lib/node_modules/npm/bin/node-gyp-bin:/Users/filipslatinac/work/Noibu/code/rrweb/node_modules/.bin:/Users/filipslatinac/google-cloud-sdk/bin:/Users/filipslatinac/.nvm/versions/node/v6.11.5/bin:/Users/filipslatinac/flutter/bin:/Users/filipslatinac/.rbenv/shims:/Users/filipslatinac/.rbenv/shims:/Library/Frameworks/Python.framework/Versions/2.7/bin:/Library/Frameworks/Python.framework/Versions/2.7/bin:/Library/Frameworks/Python.framework/Versions/3.5/bin:/usr/local/bin:/usr/bin:/bin:/usr/sbin:/sbin:/Users/filipslatinac/.rvm/bin:/Users/filipslatinac/go-workspace/bin:/usr/local/opt/go/libexec/bin
10 verbose lifecycle rrweb@0.7.31~bundle: CWD: /Users/filipslatinac/work/Noibu/code/rrweb
11 silly lifecycle rrweb@0.7.31~bundle: Args: [ '-c', 'rollup --config' ]
12 silly lifecycle rrweb@0.7.31~bundle: Returned: code: 1  signal: null
13 info lifecycle rrweb@0.7.31~bundle: Failed to exec bundle script
14 verbose stack Error: rrweb@0.7.31 bundle: `rollup --config`
14 verbose stack Exit status 1
14 verbose stack     at EventEmitter.<anonymous> (/Users/filipslatinac/.nvm/versions/node/v6.11.5/lib/node_modules/npm/lib/utils/lifecycle.js:255:16)
14 verbose stack     at emitTwo (events.js:106:13)
14 verbose stack     at EventEmitter.emit (events.js:191:7)
14 verbose stack     at ChildProcess.<anonymous> (/Users/filipslatinac/.nvm/versions/node/v6.11.5/lib/node_modules/npm/lib/utils/spawn.js:40:14)
14 verbose stack     at emitTwo (events.js:106:13)
14 verbose stack     at ChildProcess.emit (events.js:191:7)
14 verbose stack     at maybeClose (internal/child_process.js:920:16)
14 verbose stack     at Process.ChildProcess._handle.onexit (internal/child_process.js:230:5)
15 verbose pkgid rrweb@0.7.31
16 verbose cwd /Users/filipslatinac/work/Noibu/code/rrweb
17 error Darwin 19.3.0
18 error argv "/Users/filipslatinac/.nvm/versions/node/v6.11.5/bin/node" "/Users/filipslatinac/.nvm/versions/node/v6.11.5/bin/npm" "run" "bundle"
19 error node v6.11.5
20 error npm  v3.10.10
21 error code ELIFECYCLE
22 error rrweb@0.7.31 bundle: `rollup --config`
22 error Exit status 1
23 error Failed at the rrweb@0.7.31 bundle script 'rollup --config'.
23 error Make sure you have the latest version of node.js and npm installed.
23 error If you do, this is most likely a problem with the rrweb package,
23 error not with npm itself.
23 error Tell the author that this fails on your system:
23 error     rollup --config
23 error You can get information on how to open an issue for this project with:
23 error     npm bugs rrweb
23 error Or if that isn't available, you can get their info via:
23 error     npm owner ls rrweb
23 error There is likely additional logging output above.
24 verbose exit [ 1, true ]
